<?xml version="1.0" encoding="UTF-8"?>
<testsuite xmlns:xsi="http://www.w3.org/2001/XMLSchema-instance" xsi:noNamespaceSchemaLocation="https://maven.apache.org/surefire/maven-surefire-plugin/xsd/surefire-test-report.xsd" version="3.0.2" name="TestSuite" time="56.109" tests="3" errors="0" skipped="0" failures="0">
  <properties>
    <property name="java.specification.version" value="17"/>
    <property name="sun.cpu.isalist" value="amd64"/>
    <property name="sun.jnu.encoding" value="Cp1252"/>
    <property name="java.class.path" value="C:\Users\2355257\Desktop\LEARN_AUTOMATION\automation\HACKATHON_TEAM\target\test-classes;C:\Users\2355257\Desktop\LEARN_AUTOMATION\automation\HACKATHON_TEAM\target\classes;C:\Users\2355257\.m2\repository\org\seleniumhq\selenium\selenium-java\4.24.0\selenium-java-4.24.0.jar;C:\Users\2355257\.m2\repository\org\seleniumhq\selenium\selenium-api\4.24.0\selenium-api-4.24.0.jar;C:\Users\2355257\.m2\repository\org\jspecify\jspecify\1.0.0\jspecify-1.0.0.jar;C:\Users\2355257\.m2\repository\org\seleniumhq\selenium\selenium-chrome-driver\4.24.0\selenium-chrome-driver-4.24.0.jar;C:\Users\2355257\.m2\repository\com\google\auto\service\auto-service-annotations\1.1.1\auto-service-annotations-1.1.1.jar;C:\Users\2355257\.m2\repository\org\seleniumhq\selenium\selenium-chromium-driver\4.24.0\selenium-chromium-driver-4.24.0.jar;C:\Users\2355257\.m2\repository\org\seleniumhq\selenium\selenium-json\4.24.0\selenium-json-4.24.0.jar;C:\Users\2355257\.m2\repository\org\seleniumhq\selenium\selenium-manager\4.24.0\selenium-manager-4.24.0.jar;C:\Users\2355257\.m2\repository\org\seleniumhq\selenium\selenium-devtools-v126\4.24.0\selenium-devtools-v126-4.24.0.jar;C:\Users\2355257\.m2\repository\org\seleniumhq\selenium\selenium-devtools-v127\4.24.0\selenium-devtools-v127-4.24.0.jar;C:\Users\2355257\.m2\repository\org\seleniumhq\selenium\selenium-devtools-v128\4.24.0\selenium-devtools-v128-4.24.0.jar;C:\Users\2355257\.m2\repository\org\seleniumhq\selenium\selenium-devtools-v85\4.24.0\selenium-devtools-v85-4.24.0.jar;C:\Users\2355257\.m2\repository\org\seleniumhq\selenium\selenium-edge-driver\4.24.0\selenium-edge-driver-4.24.0.jar;C:\Users\2355257\.m2\repository\org\seleniumhq\selenium\selenium-firefox-driver\4.24.0\selenium-firefox-driver-4.24.0.jar;C:\Users\2355257\.m2\repository\org\seleniumhq\selenium\selenium-http\4.24.0\selenium-http-4.24.0.jar;C:\Users\2355257\.m2\repository\dev\failsafe\failsafe\3.3.2\failsafe-3.3.2.jar;C:\Users\2355257\.m2\repository\org\seleniumhq\selenium\selenium-ie-driver\4.24.0\selenium-ie-driver-4.24.0.jar;C:\Users\2355257\.m2\repository\org\seleniumhq\selenium\selenium-remote-driver\4.24.0\selenium-remote-driver-4.24.0.jar;C:\Users\2355257\.m2\repository\com\google\guava\guava\33.3.0-jre\guava-33.3.0-jre.jar;C:\Users\2355257\.m2\repository\com\google\guava\failureaccess\1.0.2\failureaccess-1.0.2.jar;C:\Users\2355257\.m2\repository\com\google\guava\listenablefuture\9999.0-empty-to-avoid-conflict-with-guava\listenablefuture-9999.0-empty-to-avoid-conflict-with-guava.jar;C:\Users\2355257\.m2\repository\com\google\code\findbugs\jsr305\3.0.2\jsr305-3.0.2.jar;C:\Users\2355257\.m2\repository\org\checkerframework\checker-qual\3.43.0\checker-qual-3.43.0.jar;C:\Users\2355257\.m2\repository\com\google\errorprone\error_prone_annotations\2.28.0\error_prone_annotations-2.28.0.jar;C:\Users\2355257\.m2\repository\com\google\j2objc\j2objc-annotations\3.0.0\j2objc-annotations-3.0.0.jar;C:\Users\2355257\.m2\repository\io\opentelemetry\semconv\opentelemetry-semconv\1.25.0-alpha\opentelemetry-semconv-1.25.0-alpha.jar;C:\Users\2355257\.m2\repository\io\opentelemetry\opentelemetry-api\1.41.0\opentelemetry-api-1.41.0.jar;C:\Users\2355257\.m2\repository\io\opentelemetry\opentelemetry-context\1.41.0\opentelemetry-context-1.41.0.jar;C:\Users\2355257\.m2\repository\io\opentelemetry\opentelemetry-exporter-logging\1.41.0\opentelemetry-exporter-logging-1.41.0.jar;C:\Users\2355257\.m2\repository\io\opentelemetry\opentelemetry-sdk-common\1.41.0\opentelemetry-sdk-common-1.41.0.jar;C:\Users\2355257\.m2\repository\io\opentelemetry\opentelemetry-sdk-extension-autoconfigure-spi\1.41.0\opentelemetry-sdk-extension-autoconfigure-spi-1.41.0.jar;C:\Users\2355257\.m2\repository\io\opentelemetry\opentelemetry-sdk-extension-autoconfigure\1.41.0\opentelemetry-sdk-extension-autoconfigure-1.41.0.jar;C:\Users\2355257\.m2\repository\io\opentelemetry\opentelemetry-api-incubator\1.41.0-alpha\opentelemetry-api-incubator-1.41.0-alpha.jar;C:\Users\2355257\.m2\repository\io\opentelemetry\opentelemetry-sdk-trace\1.41.0\opentelemetry-sdk-trace-1.41.0.jar;C:\Users\2355257\.m2\repository\io\opentelemetry\opentelemetry-sdk\1.41.0\opentelemetry-sdk-1.41.0.jar;C:\Users\2355257\.m2\repository\io\opentelemetry\opentelemetry-sdk-metrics\1.41.0\opentelemetry-sdk-metrics-1.41.0.jar;C:\Users\2355257\.m2\repository\io\opentelemetry\opentelemetry-sdk-logs\1.41.0\opentelemetry-sdk-logs-1.41.0.jar;C:\Users\2355257\.m2\repository\net\bytebuddy\byte-buddy\1.15.0\byte-buddy-1.15.0.jar;C:\Users\2355257\.m2\repository\org\seleniumhq\selenium\selenium-os\4.24.0\selenium-os-4.24.0.jar;C:\Users\2355257\.m2\repository\org\apache\commons\commons-exec\1.4.0\commons-exec-1.4.0.jar;C:\Users\2355257\.m2\repository\org\seleniumhq\selenium\selenium-safari-driver\4.24.0\selenium-safari-driver-4.24.0.jar;C:\Users\2355257\.m2\repository\org\seleniumhq\selenium\selenium-support\4.24.0\selenium-support-4.24.0.jar;C:\Users\2355257\.m2\repository\org\apache\poi\poi\5.3.0\poi-5.3.0.jar;C:\Users\2355257\.m2\repository\commons-codec\commons-codec\1.17.0\commons-codec-1.17.0.jar;C:\Users\2355257\.m2\repository\org\apache\commons\commons-collections4\4.4\commons-collections4-4.4.jar;C:\Users\2355257\.m2\repository\org\apache\commons\commons-math3\3.6.1\commons-math3-3.6.1.jar;C:\Users\2355257\.m2\repository\com\zaxxer\SparseBitSet\1.3\SparseBitSet-1.3.jar;C:\Users\2355257\.m2\repository\org\apache\poi\poi-ooxml\5.3.0\poi-ooxml-5.3.0.jar;C:\Users\2355257\.m2\repository\org\apache\poi\poi-ooxml-lite\5.3.0\poi-ooxml-lite-5.3.0.jar;C:\Users\2355257\.m2\repository\org\apache\xmlbeans\xmlbeans\5.2.1\xmlbeans-5.2.1.jar;C:\Users\2355257\.m2\repository\org\apache\commons\commons-compress\1.26.2\commons-compress-1.26.2.jar;C:\Users\2355257\.m2\repository\com\github\virtuald\curvesapi\1.08\curvesapi-1.08.jar;C:\Users\2355257\.m2\repository\org\apache\logging\log4j\log4j-core\2.24.0\log4j-core-2.24.0.jar;C:\Users\2355257\.m2\repository\org\apache\logging\log4j\log4j-api\2.24.0\log4j-api-2.24.0.jar;C:\Users\2355257\.m2\repository\org\apache\logging\log4j\log4j-slf4j2-impl\2.24.0\log4j-slf4j2-impl-2.24.0.jar;C:\Users\2355257\.m2\repository\org\slf4j\slf4j-api\2.0.16\slf4j-api-2.0.16.jar;C:\Users\2355257\.m2\repository\org\testng\testng\7.10.2\testng-7.10.2.jar;C:\Users\2355257\.m2\repository\com\beust\jcommander\1.82\jcommander-1.82.jar;C:\Users\2355257\.m2\repository\org\webjars\jquery\3.7.1\jquery-3.7.1.jar;C:\Users\2355257\.m2\repository\com\aventstack\extentreports\5.1.2\extentreports-5.1.2.jar;C:\Users\2355257\.m2\repository\io\reactivex\rxjava3\rxjava\3.1.6\rxjava-3.1.6.jar;C:\Users\2355257\.m2\repository\org\reactivestreams\reactive-streams\1.0.4\reactive-streams-1.0.4.jar;C:\Users\2355257\.m2\repository\org\freemarker\freemarker\2.3.32\freemarker-2.3.32.jar;C:\Users\2355257\.m2\repository\org\projectlombok\lombok\1.18.26\lombok-1.18.26.jar;C:\Users\2355257\.m2\repository\com\google\code\gson\gson\2.10.1\gson-2.10.1.jar;C:\Users\2355257\.m2\repository\org\apache\commons\commons-lang3\3.17.0\commons-lang3-3.17.0.jar;C:\Users\2355257\.m2\repository\commons-io\commons-io\2.16.1\commons-io-2.16.1.jar;"/>
    <property name="java.vm.vendor" value="Eclipse Adoptium"/>
    <property name="sun.arch.data.model" value="64"/>
    <property name="user.variant" value=""/>
    <property name="java.vendor.url" value="https://adoptium.net/"/>
    <property name="user.timezone" value="Asia/Calcutta"/>
    <property name="os.name" value="Windows 11"/>
    <property name="java.vm.specification.version" value="17"/>
    <property name="sun.java.launcher" value="SUN_STANDARD"/>
    <property name="user.country" value="IN"/>
    <property name="sun.boot.library.path" value="C:\Users\2355257\.p2\pool\plugins\org.eclipse.justj.openjdk.hotspot.jre.full.win32.x86_64_17.0.11.v20240426-1830\jre\bin"/>
    <property name="sun.java.command" value="C:\Users\2355257\AppData\Local\Temp\surefire12035439493080276759\surefirebooter-20240921213540653_3.jar C:\Users\2355257\AppData\Local\Temp\surefire12035439493080276759 2024-09-21T21-35-40_071-jvmRun1 surefire-20240921213540653_1tmp surefire_0-20240921213540653_2tmp"/>
    <property name="jdk.debug" value="release"/>
    <property name="surefire.test.class.path" value="C:\Users\2355257\Desktop\LEARN_AUTOMATION\automation\HACKATHON_TEAM\target\test-classes;C:\Users\2355257\Desktop\LEARN_AUTOMATION\automation\HACKATHON_TEAM\target\classes;C:\Users\2355257\.m2\repository\org\seleniumhq\selenium\selenium-java\4.24.0\selenium-java-4.24.0.jar;C:\Users\2355257\.m2\repository\org\seleniumhq\selenium\selenium-api\4.24.0\selenium-api-4.24.0.jar;C:\Users\2355257\.m2\repository\org\jspecify\jspecify\1.0.0\jspecify-1.0.0.jar;C:\Users\2355257\.m2\repository\org\seleniumhq\selenium\selenium-chrome-driver\4.24.0\selenium-chrome-driver-4.24.0.jar;C:\Users\2355257\.m2\repository\com\google\auto\service\auto-service-annotations\1.1.1\auto-service-annotations-1.1.1.jar;C:\Users\2355257\.m2\repository\org\seleniumhq\selenium\selenium-chromium-driver\4.24.0\selenium-chromium-driver-4.24.0.jar;C:\Users\2355257\.m2\repository\org\seleniumhq\selenium\selenium-json\4.24.0\selenium-json-4.24.0.jar;C:\Users\2355257\.m2\repository\org\seleniumhq\selenium\selenium-manager\4.24.0\selenium-manager-4.24.0.jar;C:\Users\2355257\.m2\repository\org\seleniumhq\selenium\selenium-devtools-v126\4.24.0\selenium-devtools-v126-4.24.0.jar;C:\Users\2355257\.m2\repository\org\seleniumhq\selenium\selenium-devtools-v127\4.24.0\selenium-devtools-v127-4.24.0.jar;C:\Users\2355257\.m2\repository\org\seleniumhq\selenium\selenium-devtools-v128\4.24.0\selenium-devtools-v128-4.24.0.jar;C:\Users\2355257\.m2\repository\org\seleniumhq\selenium\selenium-devtools-v85\4.24.0\selenium-devtools-v85-4.24.0.jar;C:\Users\2355257\.m2\repository\org\seleniumhq\selenium\selenium-edge-driver\4.24.0\selenium-edge-driver-4.24.0.jar;C:\Users\2355257\.m2\repository\org\seleniumhq\selenium\selenium-firefox-driver\4.24.0\selenium-firefox-driver-4.24.0.jar;C:\Users\2355257\.m2\repository\org\seleniumhq\selenium\selenium-http\4.24.0\selenium-http-4.24.0.jar;C:\Users\2355257\.m2\repository\dev\failsafe\failsafe\3.3.2\failsafe-3.3.2.jar;C:\Users\2355257\.m2\repository\org\seleniumhq\selenium\selenium-ie-driver\4.24.0\selenium-ie-driver-4.24.0.jar;C:\Users\2355257\.m2\repository\org\seleniumhq\selenium\selenium-remote-driver\4.24.0\selenium-remote-driver-4.24.0.jar;C:\Users\2355257\.m2\repository\com\google\guava\guava\33.3.0-jre\guava-33.3.0-jre.jar;C:\Users\2355257\.m2\repository\com\google\guava\failureaccess\1.0.2\failureaccess-1.0.2.jar;C:\Users\2355257\.m2\repository\com\google\guava\listenablefuture\9999.0-empty-to-avoid-conflict-with-guava\listenablefuture-9999.0-empty-to-avoid-conflict-with-guava.jar;C:\Users\2355257\.m2\repository\com\google\code\findbugs\jsr305\3.0.2\jsr305-3.0.2.jar;C:\Users\2355257\.m2\repository\org\checkerframework\checker-qual\3.43.0\checker-qual-3.43.0.jar;C:\Users\2355257\.m2\repository\com\google\errorprone\error_prone_annotations\2.28.0\error_prone_annotations-2.28.0.jar;C:\Users\2355257\.m2\repository\com\google\j2objc\j2objc-annotations\3.0.0\j2objc-annotations-3.0.0.jar;C:\Users\2355257\.m2\repository\io\opentelemetry\semconv\opentelemetry-semconv\1.25.0-alpha\opentelemetry-semconv-1.25.0-alpha.jar;C:\Users\2355257\.m2\repository\io\opentelemetry\opentelemetry-api\1.41.0\opentelemetry-api-1.41.0.jar;C:\Users\2355257\.m2\repository\io\opentelemetry\opentelemetry-context\1.41.0\opentelemetry-context-1.41.0.jar;C:\Users\2355257\.m2\repository\io\opentelemetry\opentelemetry-exporter-logging\1.41.0\opentelemetry-exporter-logging-1.41.0.jar;C:\Users\2355257\.m2\repository\io\opentelemetry\opentelemetry-sdk-common\1.41.0\opentelemetry-sdk-common-1.41.0.jar;C:\Users\2355257\.m2\repository\io\opentelemetry\opentelemetry-sdk-extension-autoconfigure-spi\1.41.0\opentelemetry-sdk-extension-autoconfigure-spi-1.41.0.jar;C:\Users\2355257\.m2\repository\io\opentelemetry\opentelemetry-sdk-extension-autoconfigure\1.41.0\opentelemetry-sdk-extension-autoconfigure-1.41.0.jar;C:\Users\2355257\.m2\repository\io\opentelemetry\opentelemetry-api-incubator\1.41.0-alpha\opentelemetry-api-incubator-1.41.0-alpha.jar;C:\Users\2355257\.m2\repository\io\opentelemetry\opentelemetry-sdk-trace\1.41.0\opentelemetry-sdk-trace-1.41.0.jar;C:\Users\2355257\.m2\repository\io\opentelemetry\opentelemetry-sdk\1.41.0\opentelemetry-sdk-1.41.0.jar;C:\Users\2355257\.m2\repository\io\opentelemetry\opentelemetry-sdk-metrics\1.41.0\opentelemetry-sdk-metrics-1.41.0.jar;C:\Users\2355257\.m2\repository\io\opentelemetry\opentelemetry-sdk-logs\1.41.0\opentelemetry-sdk-logs-1.41.0.jar;C:\Users\2355257\.m2\repository\net\bytebuddy\byte-buddy\1.15.0\byte-buddy-1.15.0.jar;C:\Users\2355257\.m2\repository\org\seleniumhq\selenium\selenium-os\4.24.0\selenium-os-4.24.0.jar;C:\Users\2355257\.m2\repository\org\apache\commons\commons-exec\1.4.0\commons-exec-1.4.0.jar;C:\Users\2355257\.m2\repository\org\seleniumhq\selenium\selenium-safari-driver\4.24.0\selenium-safari-driver-4.24.0.jar;C:\Users\2355257\.m2\repository\org\seleniumhq\selenium\selenium-support\4.24.0\selenium-support-4.24.0.jar;C:\Users\2355257\.m2\repository\org\apache\poi\poi\5.3.0\poi-5.3.0.jar;C:\Users\2355257\.m2\repository\commons-codec\commons-codec\1.17.0\commons-codec-1.17.0.jar;C:\Users\2355257\.m2\repository\org\apache\commons\commons-collections4\4.4\commons-collections4-4.4.jar;C:\Users\2355257\.m2\repository\org\apache\commons\commons-math3\3.6.1\commons-math3-3.6.1.jar;C:\Users\2355257\.m2\repository\com\zaxxer\SparseBitSet\1.3\SparseBitSet-1.3.jar;C:\Users\2355257\.m2\repository\org\apache\poi\poi-ooxml\5.3.0\poi-ooxml-5.3.0.jar;C:\Users\2355257\.m2\repository\org\apache\poi\poi-ooxml-lite\5.3.0\poi-ooxml-lite-5.3.0.jar;C:\Users\2355257\.m2\repository\org\apache\xmlbeans\xmlbeans\5.2.1\xmlbeans-5.2.1.jar;C:\Users\2355257\.m2\repository\org\apache\commons\commons-compress\1.26.2\commons-compress-1.26.2.jar;C:\Users\2355257\.m2\repository\com\github\virtuald\curvesapi\1.08\curvesapi-1.08.jar;C:\Users\2355257\.m2\repository\org\apache\logging\log4j\log4j-core\2.24.0\log4j-core-2.24.0.jar;C:\Users\2355257\.m2\repository\org\apache\logging\log4j\log4j-api\2.24.0\log4j-api-2.24.0.jar;C:\Users\2355257\.m2\repository\org\apache\logging\log4j\log4j-slf4j2-impl\2.24.0\log4j-slf4j2-impl-2.24.0.jar;C:\Users\2355257\.m2\repository\org\slf4j\slf4j-api\2.0.16\slf4j-api-2.0.16.jar;C:\Users\2355257\.m2\repository\org\testng\testng\7.10.2\testng-7.10.2.jar;C:\Users\2355257\.m2\repository\com\beust\jcommander\1.82\jcommander-1.82.jar;C:\Users\2355257\.m2\repository\org\webjars\jquery\3.7.1\jquery-3.7.1.jar;C:\Users\2355257\.m2\repository\com\aventstack\extentreports\5.1.2\extentreports-5.1.2.jar;C:\Users\2355257\.m2\repository\io\reactivex\rxjava3\rxjava\3.1.6\rxjava-3.1.6.jar;C:\Users\2355257\.m2\repository\org\reactivestreams\reactive-streams\1.0.4\reactive-streams-1.0.4.jar;C:\Users\2355257\.m2\repository\org\freemarker\freemarker\2.3.32\freemarker-2.3.32.jar;C:\Users\2355257\.m2\repository\org\projectlombok\lombok\1.18.26\lombok-1.18.26.jar;C:\Users\2355257\.m2\repository\com\google\code\gson\gson\2.10.1\gson-2.10.1.jar;C:\Users\2355257\.m2\repository\org\apache\commons\commons-lang3\3.17.0\commons-lang3-3.17.0.jar;C:\Users\2355257\.m2\repository\commons-io\commons-io\2.16.1\commons-io-2.16.1.jar;"/>
    <property name="sun.cpu.endian" value="little"/>
    <property name="user.home" value="C:\Users\2355257"/>
    <property name="user.language" value="en"/>
    <property name="java.specification.vendor" value="Oracle Corporation"/>
    <property name="java.version.date" value="2024-04-16"/>
    <property name="java.home" value="C:\Users\2355257\.p2\pool\plugins\org.eclipse.justj.openjdk.hotspot.jre.full.win32.x86_64_17.0.11.v20240426-1830\jre"/>
    <property name="file.separator" value="\"/>
    <property name="style.color" value="always"/>
    <property name="basedir" value="C:\Users\2355257\Desktop\LEARN_AUTOMATION\automation\HACKATHON_TEAM"/>
    <property name="java.vm.compressedOopsMode" value="Zero based"/>
    <property name="line.separator" value="&#10;"/>
    <property name="java.vm.specification.vendor" value="Oracle Corporation"/>
    <property name="java.specification.name" value="Java Platform API Specification"/>
    <property name="surefire.real.class.path" value="C:\Users\2355257\AppData\Local\Temp\surefire12035439493080276759\surefirebooter-20240921213540653_3.jar"/>
    <property name="user.script" value=""/>
    <property name="sun.management.compiler" value="HotSpot 64-Bit Tiered Compilers"/>
    <property name="java.runtime.version" value="17.0.11+9"/>
    <property name="user.name" value="2355257"/>
    <property name="path.separator" value=";"/>
    <property name="os.version" value="10.0"/>
    <property name="java.runtime.name" value="OpenJDK Runtime Environment"/>
    <property name="file.encoding" value="Cp1252"/>
    <property name="java.vm.name" value="OpenJDK 64-Bit Server VM"/>
    <property name="java.vendor.version" value="Temurin-17.0.11+9"/>
    <property name="localRepository" value="C:\Users\2355257\.m2\repository"/>
    <property name="java.vendor.url.bug" value="https://github.com/adoptium/adoptium-support/issues"/>
    <property name="java.io.tmpdir" value="C:\Users\2355257\AppData\Local\Temp\"/>
    <property name="java.version" value="17.0.11"/>
    <property name="user.dir" value="C:\Users\2355257\Desktop\LEARN_AUTOMATION\automation\HACKATHON_TEAM"/>
    <property name="os.arch" value="amd64"/>
    <property name="java.vm.specification.name" value="Java Virtual Machine Specification"/>
    <property name="sun.os.patch.level" value=""/>
    <property name="native.encoding" value="Cp1252"/>
    <property name="java.library.path" value="C:\Users\2355257\.p2\pool\plugins\org.eclipse.justj.openjdk.hotspot.jre.full.win32.x86_64_17.0.11.v20240426-1830\jre\bin;C:\Windows\Sun\Java\bin;C:\Windows\system32;C:\Windows;C:/Users/2355257/.p2/pool/plugins/org.eclipse.justj.openjdk.hotspot.jre.full.win32.x86_64_17.0.11.v20240426-1830/jre/bin/server;C:/Users/2355257/.p2/pool/plugins/org.eclipse.justj.openjdk.hotspot.jre.full.win32.x86_64_17.0.11.v20240426-1830/jre/bin;C:\Program Files\Zulu\zulu-17\bin\;C:\Windows\system32;C:\Windows;C:\Windows\System32\Wbem;C:\Windows\System32\WindowsPowerShell\v1.0\;C:\Windows\System32\OpenSSH\;C:\Program Files\Git\cmd;C:\Users\2355257\AppData\Local\Microsoft\WindowsApps;;C:\Program Files\JetBrains\PyCharm Community Edition 2023.3\bin;;C:\Users\2355257\AppData\Local\Programs\Microsoft VS Code\bin;C:\Windows\system32;;."/>
    <property name="java.vm.info" value="mixed mode"/>
    <property name="java.vendor" value="Eclipse Adoptium"/>
    <property name="java.vm.version" value="17.0.11+9"/>
    <property name="sun.io.unicode.encoding" value="UnicodeLittle"/>
    <property name="java.class.version" value="61.0"/>
  </properties>
  <testcase name="verifyMinimumPrice[Delhi, Manali, Sun Sep 22 2024, 09  Hr, 10  min, PM](1)" classname="testCases.TC_001_Cab_Booking" time="9.48">
    <system-out><![CDATA[2024-09-21 21:35:53 INFO  TC_001_Cab_Booking:38 - ***** Test Case 01 Started *****
2024-09-21 21:35:53 INFO  HomePage:77 - ***** Waiting for the 'login' pop up to load  *****
2024-09-21 21:35:53 INFO  HomePage:79 - ***** Login popup appeared successfully  *****
2024-09-21 21:35:54 INFO  HomePage:82 - ***** Closed the login popup  *****
2024-09-21 21:35:54 INFO  HomePage:94 - ***** Switched to Cabs Section  *****
2024-09-21 21:35:54 INFO  HomePage:96 - ***** Waiting for the Cabs section to load  *****
2024-09-21 21:35:55 INFO  HomePage:98 - ***** Cabs Section loaded successfully  *****
2024-09-21 21:35:55 INFO  HomePage:135 - ***** Clicked the hidden 'from' input box  *****
2024-09-21 21:35:56 INFO  HomePage:142 - ***** Clicked the main 'from' input box  *****
2024-09-21 21:35:56 INFO  HomePage:144 - ***** Sent values to the main 'from' input box  *****
2024-09-21 21:35:56 INFO  HomePage:148 - ***** Waiting for the 'from' cities to be recommended  *****
2024-09-21 21:35:56 INFO  HomePage:150 - ***** Clicked the first recommended 'from' city  *****
2024-09-21 21:35:56 INFO  HomePage:159 - ***** Sent values to the main 'to' input box  *****
2024-09-21 21:35:57 INFO  HomePage:163 - ***** Waiting for the 'to' cities to be recommended  *****
2024-09-21 21:35:57 INFO  HomePage:165 - ***** Clicked the first 'to' recommended city  *****
2024-09-21 21:35:57 INFO  HomePage:169 - ***** Clicked the dates section *****
2024-09-21 21:35:57 INFO  HomePage:175 - ***** Clicked the required date *****
2024-09-21 21:35:57 INFO  HomePage:179 - ***** Clicked the pickup time section *****
2024-09-21 21:35:57 INFO  HomePage:188 - ***** Hour value set *****
2024-09-21 21:35:57 INFO  HomePage:193 - ***** Minutes value set *****
2024-09-21 21:35:57 INFO  HomePage:197 - ***** Meredian value set *****
2024-09-21 21:35:57 INFO  HomePage:200 - ***** Clicked the apply button *****
2024-09-21 21:36:00 INFO  HomePage:203 - ***** After entering all the data search button is clicked *****
2024-09-21 21:36:00 INFO  CabsPage:33 - ***** Waiting for the list of cabs page to load  *****
2024-09-21 21:36:01 INFO  CabsPage:35 - ***** List of cabs page loaded successfully  *****
2024-09-21 21:36:01 INFO  CabsPage:39 - ***** Clicked the specific cab type checkbox  *****
2024-09-21 21:36:01 INFO  CabsPage:42 - ***** Waiting for the list of cabs page to load after applying filter *****
2024-09-21 21:36:01 INFO  CabsPage:44 - ***** After applying filter cabs page loaded successfully  *****
2024-09-21 21:36:02 INFO  HomePage:209 - ***** Relocated to home page *****
2024-09-21 21:36:02 INFO  TC_001_Cab_Booking:53 - ***** Test Case 01 Completed Execution *****
]]></system-out>
  </testcase>
  <testcase name="verifyGiftErrorMessage[2000, Sham, 9900443322, sssdd, 5](1)" classname="testCases.TC_002_Gift_Selection" time="7.926">
    <system-out><![CDATA[2024-09-21 21:36:13 INFO  TC_002_Gift_Selection:37 - ***** Test Case 002 started execution  *****
2024-09-21 21:36:13 INFO  GiftPage:55 - ***** Waiting for the home page to load  *****
2024-09-21 21:36:15 INFO  GiftPage:58 - ***** Home Page loaded successfully  *****
2024-09-21 21:36:15 INFO  GiftPage:60 - ***** Clicked Gifts section  *****
2024-09-21 21:36:17 INFO  GiftPage:73 - ***** Switched to new window *****
2024-09-21 21:36:17 INFO  GiftPage:74 - ***** Waiting for the gift page to load *****
2024-09-21 21:36:17 INFO  GiftPage:77 - ***** Gift page loaded successfully  *****
2024-09-21 21:36:17 INFO  GiftPage:79 - ***** Clicked the birthday gift button  *****
2024-09-21 21:36:17 INFO  GiftPage:84 - ***** Waiting for the Birthday gift page to load  *****
2024-09-21 21:36:18 INFO  GiftPage:86 - ***** Birthday gift page loaded successfully  *****
2024-09-21 21:36:18 INFO  GiftPage:89 - ***** Cleared the previous already existed value of the amount input  *****
2024-09-21 21:36:18 INFO  GiftPage:91 - ***** Set value to the amount input *****
2024-09-21 21:36:18 INFO  GiftPage:98 - ***** Clicked quantity increase button 5 times *****
2024-09-21 21:36:18 INFO  GiftPage:100 - ***** Toggled multipe person checkbox  *****
2024-09-21 21:36:20 INFO  GiftPage:108 - ***** Set recipient values in 5 input boxes  *****
2024-09-21 21:36:20 INFO  GiftPage:112 - ***** Set name value  *****
2024-09-21 21:36:20 INFO  GiftPage:115 - ***** Set phone number value  *****
2024-09-21 21:36:20 INFO  GiftPage:118 - ***** Set invalid email id  *****
2024-09-21 21:36:21 INFO  GiftPage:121 - ***** Clicked the buy now button  *****
Please enter a valid Email id.
2024-09-21 21:36:21 INFO  TC_002_Gift_Selection:46 - ***** Test case 002 completed execution  *****
]]></system-out>
  </testcase>
  <testcase name="getAdultsCount" classname="testCases.TC_003_Hotel_Booking" time="3.923">
    <system-out><![CDATA[2024-09-21 21:36:30 INFO  TC_003_Hotel_Booking:34 - ***** Test Case 003 started execution  *****
2024-09-21T16:06:30.920719800Z main WARN The Logger pageObjects.HomePage was created with the message factory org.apache.logging.log4j.message.ReusableMessageFactory@7ba93755 and is now requested with a null message factory (defaults to org.apache.logging.log4j.message.ParameterizedMessageFactory), which may create log events with unexpected formatting.
2024-09-21 21:36:30 INFO  HomePage:77 - ***** Waiting for the 'login' pop up to load  *****
2024-09-21 21:36:32 INFO  HomePage:79 - ***** Login popup appeared successfully  *****
2024-09-21 21:36:33 INFO  HomePage:82 - ***** Closed the login popup  *****
2024-09-21 21:36:33 INFO  HomePage:102 - ***** Waiting for the Home Page to load  *****
2024-09-21 21:36:33 INFO  HomePage:104 - ***** Home Page Loaded Successfully  *****
2024-09-21 21:36:33 INFO  HomePage:106 - ***** Switched to Hotels Section  *****
2024-09-21 21:36:33 INFO  HomePage:111 - ***** Waiting for the hotels section to load  *****
2024-09-21 21:36:34 INFO  HomePage:114 - ***** Hotels section loaded successfully  *****
2024-09-21 21:36:34 INFO  HomePage:116 - ***** Clicked Rooms & Guests Section  *****
2024-09-21 21:36:34 INFO  HomePage:119 - ***** Clicked Adults dropdown  *****
40
2024-09-21 21:36:34 INFO  TC_003_Hotel_Booking:43 - ***** Test Case 003 completed execution  *****
]]></system-out>
  </testcase>
</testsuite>