<?xml version="1.0" encoding="UTF-8"?>
<!-- Generated by org.testng.reporters.JUnitReportReporter -->
<testsuite hostname="LTIN458854" failures="0" tests="1" name="testCases.TC_003_Hotel_Booking" time="3.807" errors="0" timestamp="2024-09-12T06:36:13 IST" skipped="0">
  <testcase classname="testCases.TC_003_Hotel_Booking" name="getAdultsCount" time="3.807"/>
</testsuite> <!-- testCases.TC_003_Hotel_Booking -->
