<?xml version="1.0" encoding="UTF-8"?>
<!-- Generated by org.testng.reporters.JUnitReportReporter -->
<testsuite hostname="LTIN458854" failures="0" tests="1" name="testCases.TC_003_Hotel_Booking" time="15.172" errors="0" timestamp="2024-09-23T05:26:55 IST" skipped="0">
  <testcase classname="testCases.TC_003_Hotel_Booking" name="getAdultsCount" time="15.172"/>
</testsuite> <!-- testCases.TC_003_Hotel_Booking -->
