<?xml version="1.0" encoding="UTF-8"?>
<!-- Generated by org.testng.reporters.JUnitReportReporter -->
<testsuite hostname="LTIN458854" failures="0" tests="1" name="testCases.TC_001_Cab_Booking" time="11.374" errors="0" timestamp="2024-09-12T06:36:13 IST" skipped="0">
  <testcase classname="testCases.TC_001_Cab_Booking" name="verifyMinimumPrice" time="11.374"/>
</testsuite> <!-- testCases.TC_001_Cab_Booking -->
