<?xml version="1.0" encoding="UTF-8"?>
<!-- Generated by org.testng.reporters.JUnitReportReporter -->
<testsuite hostname="LTIN458854" failures="0" tests="1" name="testCases.TC_001_Cab_Booking" time="24.870" errors="0" timestamp="2024-09-23T05:26:55 IST" skipped="0">
  <testcase classname="testCases.TC_001_Cab_Booking" name="verifyMinimumPrice" time="24.870"/>
</testsuite> <!-- testCases.TC_001_Cab_Booking -->
