<?xml version="1.0" encoding="UTF-8"?>
<!-- Generated by org.testng.reporters.JUnitReportReporter -->
<testsuite hostname="LTIN458854" failures="0" tests="2" name="testCases.Sample" time="0.006" errors="0" timestamp="2024-09-17T23:34:55 IST" skipped="0">
  <testcase classname="testCases.Sample" name="printData" time="0.001"/>
  <testcase classname="testCases.Sample" name="printData" time="0.005"/>
</testsuite> <!-- testCases.Sample -->
