<?xml version="1.0" encoding="UTF-8"?>
<!-- Generated by org.testng.reporters.JUnitReportReporter -->
<testsuite hostname="LTIN458854" failures="0" tests="1" name="testCases.TC_002_Gift_Selection" time="7.928" errors="0" timestamp="2024-09-21T21:36:38 IST" skipped="0">
  <testcase classname="testCases.TC_002_Gift_Selection" name="verifyGiftErrorMessage" time="7.928"/>
</testsuite> <!-- testCases.TC_002_Gift_Selection -->
